La génération a démarré 27/05/2015 07:41:50.
     1>Projet "C:\Users\vincent\documents\visual studio 2013\Projects\Timerfps\Timerfps\Timerfps.vcxproj" sur le nœud 2 (Build cible(s)).
     1>ClCompile:
         C:\Program Files (x86)\Microsoft Visual Studio 12.0\VC\bin\CL.exe /c /ZI /nologo /W3 /WX- /sdl /Od /Oy- /D WIN32 /D _DEBUG /D _CONSOLE /D _LIB /D _UNICODE /D UNICODE /Gm /EHsc /RTC1 /MDd /GS /fp:precise /Zc:wchar_t /Zc:forScope /Yu"stdafx.h" /Fp"Debug\Timerfps.pch" /Fo"Debug\\" /Fd"Debug\vc120.pdb" /Gd /TP /analyze- /errorReport:prompt main.cpp
         main.cpp
     1>c:\users\vincent\documents\visual studio 2013\projects\timerfps\timerfps\main.cpp(1103): warning C4244: '=' : conversion de 'float' en 'int', perte possible de données
     1>c:\users\vincent\documents\visual studio 2013\projects\timerfps\timerfps\main.cpp(1104): warning C4244: '=' : conversion de 'float' en 'int', perte possible de données
     1>c:\users\vincent\documents\visual studio 2013\projects\timerfps\timerfps\main.cpp(1157): warning C4244: '=' : conversion de 'float' en 'int', perte possible de données
     1>c:\users\vincent\documents\visual studio 2013\projects\timerfps\timerfps\main.cpp(1158): warning C4244: '=' : conversion de 'float' en 'int', perte possible de données
     1>c:\users\vincent\documents\visual studio 2013\projects\timerfps\timerfps\main.cpp(1427): warning C4244: '=' : conversion de 'float' en 'int', perte possible de données
     1>c:\users\vincent\documents\visual studio 2013\projects\timerfps\timerfps\main.cpp(1428): warning C4244: '=' : conversion de 'float' en 'int', perte possible de données
     1>c:\users\vincent\documents\visual studio 2013\projects\timerfps\timerfps\main.cpp(1559): warning C4018: '<' : incompatibilité signed/unsigned
     1>c:\users\vincent\documents\visual studio 2013\projects\timerfps\timerfps\main.cpp(1892): warning C4244: 'initialisation' : conversion de 'float' en 'int', perte possible de données
     1>c:\users\vincent\documents\visual studio 2013\projects\timerfps\timerfps\main.cpp(1895): warning C4244: 'initialisation' : conversion de 'float' en 'int', perte possible de données
     1>c:\users\vincent\documents\visual studio 2013\projects\timerfps\timerfps\main.cpp(2200): warning C4244: 'argument' : conversion de 'int' en 'float', perte possible de données
     1>c:\users\vincent\documents\visual studio 2013\projects\timerfps\timerfps\main.cpp(2201): warning C4244: 'argument' : conversion de 'int' en 'float', perte possible de données
     1>c:\users\vincent\documents\visual studio 2013\projects\timerfps\timerfps\main.cpp(2209): warning C4244: 'argument' : conversion de 'int' en 'float', perte possible de données
     1>c:\users\vincent\documents\visual studio 2013\projects\timerfps\timerfps\main.cpp(2210): warning C4244: 'argument' : conversion de 'int' en 'float', perte possible de données
     1>c:\users\vincent\documents\visual studio 2013\projects\timerfps\timerfps\main.cpp(2215): warning C4244: 'argument' : conversion de 'int' en 'float', perte possible de données
     1>c:\users\vincent\documents\visual studio 2013\projects\timerfps\timerfps\main.cpp(2216): warning C4244: 'argument' : conversion de 'int' en 'float', perte possible de données
     1>c:\users\vincent\documents\visual studio 2013\projects\timerfps\timerfps\main.cpp(2281): warning C4244: 'argument' : conversion de 'int' en 'float', perte possible de données
     1>c:\users\vincent\documents\visual studio 2013\projects\timerfps\timerfps\main.cpp(2282): warning C4244: 'argument' : conversion de 'int' en 'float', perte possible de données
     1>c:\users\vincent\documents\visual studio 2013\projects\timerfps\timerfps\main.cpp(2287): warning C4244: 'argument' : conversion de 'int' en 'float', perte possible de données
     1>c:\users\vincent\documents\visual studio 2013\projects\timerfps\timerfps\main.cpp(2288): warning C4244: 'argument' : conversion de 'int' en 'float', perte possible de données
     1>c:\users\vincent\documents\visual studio 2013\projects\timerfps\timerfps\main.cpp(656): warning C4101: 'destRect' : variable locale non référencée
     1>c:\users\vincent\documents\visual studio 2013\projects\timerfps\timerfps\main.cpp(660): warning C4101: 'destPixel' : variable locale non référencée
     1>c:\users\vincent\documents\visual studio 2013\projects\timerfps\timerfps\main.cpp(664): warning C4101: 'srcAlpha' : variable locale non référencée
     1>c:\users\vincent\documents\visual studio 2013\projects\timerfps\timerfps\main.cpp(659): warning C4101: 'srcPixels' : variable locale non référencée
     1>c:\users\vincent\documents\visual studio 2013\projects\timerfps\timerfps\main.cpp(655): warning C4101: 'sourceRect' : variable locale non référencée
     1>c:\users\vincent\documents\visual studio 2013\projects\timerfps\timerfps\main.cpp(661): warning C4101: 'srcPixel' : variable locale non référencée
     1>c:\users\vincent\documents\visual studio 2013\projects\timerfps\timerfps\main.cpp(663): warning C4101: 'destAlpha' : variable locale non référencée
     1>c:\users\vincent\documents\visual studio 2013\projects\timerfps\timerfps\main.cpp(658): warning C4101: 'destPixels' : variable locale non référencée
     1>c:\users\vincent\documents\visual studio 2013\projects\timerfps\timerfps\main.cpp(908): warning C4101: 'pixelCount' : variable locale non référencée
     1>c:\users\vincent\documents\visual studio 2013\projects\timerfps\timerfps\main.cpp(916): warning C4101: 'fogofwar_pixel' : variable locale non référencée
     1>c:\users\vincent\documents\visual studio 2013\projects\timerfps\timerfps\main.cpp(907): warning C4101: 'pixels32' : variable locale non référencée
     1>c:\users\vincent\documents\visual studio 2013\projects\timerfps\timerfps\main.cpp(739): warning C4101: 'e' : variable locale non référencée
       Link:
         C:\Program Files (x86)\Microsoft Visual Studio 12.0\VC\bin\link.exe /ERRORREPORT:PROMPT /OUT:"C:\Users\vincent\documents\visual studio 2013\Projects\Timerfps\Debug\Timerfps.exe" /INCREMENTAL /NOLOGO SDL2.lib SDL2test.lib SDL2main.lib SDL2_image.lib SDL2_ttf.lib kernel32.lib user32.lib gdi32.lib winspool.lib comdlg32.lib advapi32.lib shell32.lib ole32.lib oleaut32.lib uuid.lib odbc32.lib odbccp32.lib kernel32.lib user32.lib gdi32.lib winspool.lib comdlg32.lib advapi32.lib shell32.lib ole32.lib oleaut32.lib uuid.lib odbc32.lib odbccp32.lib /MANIFEST /MANIFESTUAC:"level='asInvoker' uiAccess='false'" /manifest:embed /DEBUG /PDB:"C:\Users\vincent\documents\visual studio 2013\Projects\Timerfps\Debug\Timerfps.pdb" /SUBSYSTEM:CONSOLE /TLBID:1 /DYNAMICBASE /NXCOMPAT /IMPLIB:"C:\Users\vincent\documents\visual studio 2013\Projects\Timerfps\Debug\Timerfps.lib" /MACHINE:X86 Debug\Hud.obj
         Debug\LTexture.obj
         Debug\main.obj
         Debug\Map.obj
         Debug\moveunit.obj
         Debug\Obstacle.obj
         Debug\Skills.obj
         Debug\Sprite.obj
         Debug\stdafx.obj
         Debug\Timerfps.obj
         Debug\Unit.obj
         Timerfps.vcxproj -> C:\Users\vincent\documents\visual studio 2013\Projects\Timerfps\Debug\Timerfps.exe
     1>Génération du projet "C:\Users\vincent\documents\visual studio 2013\Projects\Timerfps\Timerfps\Timerfps.vcxproj" terminée (Build cible(s)).

La génération a réussi.

Temps écoulé 00:00:00.93
