La génération a démarré 27/05/2015 06:43:01.
     1>Projet "C:\Users\vincent\documents\visual studio 2013\Projects\Timerfps\Timerfps\Timerfps.vcxproj" sur le nœud 2 (Build cible(s)).
     1>ClCompile:
         C:\Program Files (x86)\Microsoft Visual Studio 12.0\VC\bin\CL.exe /c /Zi /nologo /W3 /WX- /sdl /O2 /Oi /Oy- /GL /D WIN32 /D NDEBUG /D _CONSOLE /D _LIB /D _UNICODE /D UNICODE /Gm- /EHsc /MD /GS /Gy /fp:precise /Zc:wchar_t /Zc:forScope /Yu"stdafx.h" /Fp"Release\Timerfps.pch" /Fo"Release\\" /Fd"Release\vc120.pdb" /Gd /TP /analyze- /errorReport:prompt Hud.cpp LTexture.cpp Map.cpp Unit.cpp main.cpp
         Hud.cpp
     1>Hud.cpp(106): warning C4244: 'argument' : conversion de 'float' en 'int', perte possible de données
     1>Hud.cpp(114): warning C4244: 'argument' : conversion de 'int' en 'float', perte possible de données
     1>Hud.cpp(121): warning C4244: 'argument' : conversion de 'int' en 'float', perte possible de données
     1>Hud.cpp(156): warning C4244: '=' : conversion de 'float' en 'int', perte possible de données
     1>Hud.cpp(157): warning C4244: '=' : conversion de 'float' en 'int', perte possible de données
     1>Hud.cpp(203): warning C4244: 'argument' : conversion de 'int' en 'float', perte possible de données
     1>Hud.cpp(204): warning C4244: 'argument' : conversion de 'int' en 'float', perte possible de données
     1>Hud.cpp(224): warning C4244: 'argument' : conversion de 'int' en 'float', perte possible de données
     1>Hud.cpp(225): warning C4244: 'argument' : conversion de 'int' en 'float', perte possible de données
     1>Hud.cpp(245): warning C4244: 'argument' : conversion de 'int' en 'float', perte possible de données
     1>Hud.cpp(246): warning C4244: 'argument' : conversion de 'int' en 'float', perte possible de données
     1>Hud.cpp(266): warning C4244: 'argument' : conversion de 'int' en 'float', perte possible de données
     1>Hud.cpp(267): warning C4244: 'argument' : conversion de 'int' en 'float', perte possible de données
     1>Hud.cpp(287): warning C4244: 'argument' : conversion de 'int' en 'float', perte possible de données
     1>Hud.cpp(288): warning C4244: 'argument' : conversion de 'int' en 'float', perte possible de données
     1>Hud.cpp(308): warning C4244: 'argument' : conversion de 'int' en 'float', perte possible de données
         LTexture.cpp
         Map.cpp
     1>Map.cpp(38): warning C4101: 'obstw' : variable locale non référencée
     1>Map.cpp(39): warning C4101: 'obsth' : variable locale non référencée
     1>Map.cpp(37): warning C4101: 'obsty' : variable locale non référencée
     1>Map.cpp(31): warning C4101: 'lignes' : variable locale non référencée
     1>Map.cpp(11): warning C4101: 'obstacle' : variable locale non référencée
     1>Map.cpp(36): warning C4101: 'obstx' : variable locale non référencée
         Unit.cpp
     1>Unit.cpp(81): warning C4244: 'return' : conversion de 'float' en 'int', perte possible de données
     1>Unit.cpp(86): warning C4244: 'return' : conversion de 'float' en 'int', perte possible de données
     1>Unit.cpp(91): warning C4244: 'return' : conversion de 'float' en 'int', perte possible de données
     1>Unit.cpp(417): warning C4800: 'int' : valeur forcée à la valeur booléenne 'true' ou 'false' (avertissement sur les performances)
     1>Unit.cpp(466): warning C4244: '=' : conversion de 'float' en 'int', perte possible de données
     1>Unit.cpp(474): warning C4244: '=' : conversion de 'float' en 'int', perte possible de données
     1>Unit.cpp(482): warning C4244: '=' : conversion de 'float' en 'int', perte possible de données
     1>Unit.cpp(490): warning C4244: '=' : conversion de 'float' en 'int', perte possible de données
     1>Unit.cpp(516): warning C4018: '<' : incompatibilité signed/unsigned
     1>Unit.cpp(519): warning C4244: 'argument' : conversion de 'double' en 'float', perte possible de données
     1>Unit.cpp(527): warning C4018: '<' : incompatibilité signed/unsigned
     1>Unit.cpp(530): warning C4244: 'argument' : conversion de 'double' en 'float', perte possible de données
     1>Unit.cpp(537): warning C4018: '<' : incompatibilité signed/unsigned
     1>Unit.cpp(540): warning C4244: 'argument' : conversion de 'double' en 'float', perte possible de données
     1>Unit.cpp(542): warning C4018: '<' : incompatibilité signed/unsigned
     1>Unit.cpp(545): warning C4244: 'argument' : conversion de 'double' en 'float', perte possible de données
     1>Unit.cpp(561): warning C4244: '=' : conversion de 'float' en 'int', perte possible de données
     1>Unit.cpp(562): warning C4244: '=' : conversion de 'float' en 'int', perte possible de données
     1>Unit.cpp(580): warning C4244: '=' : conversion de 'float' en 'int', perte possible de données
     1>Unit.cpp(595): warning C4244: 'argument' : conversion de 'int' en 'float', perte possible de données
     1>Unit.cpp(609): warning C4018: '<' : incompatibilité signed/unsigned
         main.cpp
     1>main.cpp(1103): warning C4244: '=' : conversion de 'float' en 'int', perte possible de données
     1>main.cpp(1104): warning C4244: '=' : conversion de 'float' en 'int', perte possible de données
     1>main.cpp(1157): warning C4244: '=' : conversion de 'float' en 'int', perte possible de données
     1>main.cpp(1158): warning C4244: '=' : conversion de 'float' en 'int', perte possible de données
     1>main.cpp(1427): warning C4244: '=' : conversion de 'float' en 'int', perte possible de données
     1>main.cpp(1428): warning C4244: '=' : conversion de 'float' en 'int', perte possible de données
     1>main.cpp(1559): warning C4018: '<' : incompatibilité signed/unsigned
     1>main.cpp(1892): warning C4244: 'initialisation' : conversion de 'float' en 'int', perte possible de données
     1>main.cpp(1895): warning C4244: 'initialisation' : conversion de 'float' en 'int', perte possible de données
     1>main.cpp(2200): warning C4244: 'argument' : conversion de 'int' en 'float', perte possible de données
     1>main.cpp(2201): warning C4244: 'argument' : conversion de 'int' en 'float', perte possible de données
     1>main.cpp(2209): warning C4244: 'argument' : conversion de 'int' en 'float', perte possible de données
     1>main.cpp(2210): warning C4244: 'argument' : conversion de 'int' en 'float', perte possible de données
     1>main.cpp(2215): warning C4244: 'argument' : conversion de 'int' en 'float', perte possible de données
     1>main.cpp(2216): warning C4244: 'argument' : conversion de 'int' en 'float', perte possible de données
     1>main.cpp(2281): warning C4244: 'argument' : conversion de 'int' en 'float', perte possible de données
     1>main.cpp(2282): warning C4244: 'argument' : conversion de 'int' en 'float', perte possible de données
     1>main.cpp(2287): warning C4244: 'argument' : conversion de 'int' en 'float', perte possible de données
     1>main.cpp(2288): warning C4244: 'argument' : conversion de 'int' en 'float', perte possible de données
     1>main.cpp(656): warning C4101: 'destRect' : variable locale non référencée
     1>main.cpp(660): warning C4101: 'destPixel' : variable locale non référencée
     1>main.cpp(664): warning C4101: 'srcAlpha' : variable locale non référencée
     1>main.cpp(659): warning C4101: 'srcPixels' : variable locale non référencée
     1>main.cpp(655): warning C4101: 'sourceRect' : variable locale non référencée
     1>main.cpp(661): warning C4101: 'srcPixel' : variable locale non référencée
     1>main.cpp(663): warning C4101: 'destAlpha' : variable locale non référencée
     1>main.cpp(658): warning C4101: 'destPixels' : variable locale non référencée
     1>main.cpp(908): warning C4101: 'pixelCount' : variable locale non référencée
     1>main.cpp(916): warning C4101: 'fogofwar_pixel' : variable locale non référencée
     1>main.cpp(907): warning C4101: 'pixels32' : variable locale non référencée
     1>main.cpp(739): warning C4101: 'e' : variable locale non référencée
       Link:
         C:\Program Files (x86)\Microsoft Visual Studio 12.0\VC\bin\link.exe /ERRORREPORT:PROMPT /OUT:"C:\Users\vincent\documents\visual studio 2013\Projects\Timerfps\Release\Timerfps.exe" /INCREMENTAL:NO /NOLOGO SDL2.lib SDL2test.lib SDL2main.lib SDL2_image.lib SDL2_ttf.lib kernel32.lib user32.lib gdi32.lib winspool.lib comdlg32.lib advapi32.lib shell32.lib ole32.lib oleaut32.lib uuid.lib odbc32.lib odbccp32.lib kernel32.lib user32.lib gdi32.lib winspool.lib comdlg32.lib advapi32.lib shell32.lib ole32.lib oleaut32.lib uuid.lib odbc32.lib odbccp32.lib /MANIFEST /MANIFESTUAC:"level='asInvoker' uiAccess='false'" /manifest:embed /DEBUG /PDB:"C:\Users\vincent\documents\visual studio 2013\Projects\Timerfps\Release\Timerfps.pdb" /SUBSYSTEM:CONSOLE /OPT:REF /OPT:ICF /LTCG /TLBID:1 /DYNAMICBASE /NXCOMPAT /IMPLIB:"C:\Users\vincent\documents\visual studio 2013\Projects\Timerfps\Release\Timerfps.lib" /MACHINE:X86 /SAFESEH Release\Hud.obj
         Release\LTexture.obj
         Release\main.obj
         Release\Map.obj
         Release\moveunit.obj
         Release\Obstacle.obj
         Release\Skills.obj
         Release\Sprite.obj
         Release\stdafx.obj
         Release\Timerfps.obj
         Release\Unit.obj
         Génération de code en cours
         Fin de la génération du code
         Timerfps.vcxproj -> C:\Users\vincent\documents\visual studio 2013\Projects\Timerfps\Release\Timerfps.exe
     1>Génération du projet "C:\Users\vincent\documents\visual studio 2013\Projects\Timerfps\Timerfps\Timerfps.vcxproj" terminée (Build cible(s)).

La génération a réussi.

Temps écoulé 00:00:03.51
